<?xml version="1.0" encoding="UTF-8"?>
<testng-results ignored="0" total="1" passed="1" failed="0" skipped="0">
  <reporter-output>
  </reporter-output>
  <suite started-at="2024-11-07T21:41:24 IST" name="Default suite" finished-at="2024-11-07T21:42:48 IST" duration-ms="84054">
    <groups>
    </groups>
    <test started-at="2024-11-07T21:41:24 IST" name="Default test" finished-at="2024-11-07T21:42:48 IST" duration-ms="84054">
      <class name="com.ashwin.Supertails.SupertailsTestNG">
        <test-method is-config="true" signature="beforeSuite()[pri:0, instance:com.ashwin.Supertails.SupertailsTestNG@175b9425]" started-at="2024-11-07T21:41:24 IST" name="beforeSuite" finished-at="2024-11-07T21:41:24 IST" duration-ms="15" status="PASS">
          <reporter-output>
          </reporter-output>
        </test-method> <!-- beforeSuite -->
        <test-method is-config="true" signature="beforeTest()[pri:0, instance:com.ashwin.Supertails.SupertailsTestNG@175b9425]" started-at="2024-11-07T21:41:24 IST" name="beforeTest" finished-at="2024-11-07T21:41:24 IST" duration-ms="1" status="PASS">
          <reporter-output>
          </reporter-output>
        </test-method> <!-- beforeTest -->
        <test-method is-config="true" signature="beforeClass()[pri:0, instance:com.ashwin.Supertails.SupertailsTestNG@175b9425]" started-at="2024-11-07T21:41:24 IST" name="beforeClass" finished-at="2024-11-07T21:42:01 IST" duration-ms="37090" status="PASS">
          <reporter-output>
          </reporter-output>
        </test-method> <!-- beforeClass -->
        <test-method is-config="true" signature="beforeMethod()[pri:0, instance:com.ashwin.Supertails.SupertailsTestNG@175b9425]" started-at="2024-11-07T21:42:01 IST" name="beforeMethod" finished-at="2024-11-07T21:42:01 IST" duration-ms="2" status="PASS">
          <reporter-output>
          </reporter-output>
        </test-method> <!-- beforeMethod -->
        <test-method signature="f(java.lang.String)[pri:0, instance:com.ashwin.Supertails.SupertailsTestNG@175b9425]" started-at="2024-11-07T21:42:01 IST" name="f" data-provider="dp" finished-at="2024-11-07T21:42:40 IST" duration-ms="38552" status="PASS">
          <params>
            <param index="0">
              <value>
                <![CDATA[ItemAdd]]>
              </value>
            </param>
          </params>
          <reporter-output>
          </reporter-output>
        </test-method> <!-- f -->
        <test-method is-config="true" signature="afterMethod()[pri:0, instance:com.ashwin.Supertails.SupertailsTestNG@175b9425]" started-at="2024-11-07T21:42:40 IST" name="afterMethod" finished-at="2024-11-07T21:42:40 IST" duration-ms="1" status="PASS">
          <reporter-output>
          </reporter-output>
        </test-method> <!-- afterMethod -->
        <test-method is-config="true" signature="afterClass()[pri:0, instance:com.ashwin.Supertails.SupertailsTestNG@175b9425]" started-at="2024-11-07T21:42:40 IST" name="afterClass" finished-at="2024-11-07T21:42:48 IST" duration-ms="8319" status="PASS">
          <reporter-output>
          </reporter-output>
        </test-method> <!-- afterClass -->
        <test-method is-config="true" signature="afterTest()[pri:0, instance:com.ashwin.Supertails.SupertailsTestNG@175b9425]" started-at="2024-11-07T21:42:48 IST" name="afterTest" finished-at="2024-11-07T21:42:48 IST" duration-ms="0" status="PASS">
          <reporter-output>
          </reporter-output>
        </test-method> <!-- afterTest -->
        <test-method is-config="true" signature="afterSuite()[pri:0, instance:com.ashwin.Supertails.SupertailsTestNG@175b9425]" started-at="2024-11-07T21:42:48 IST" name="afterSuite" finished-at="2024-11-07T21:42:48 IST" duration-ms="1" status="PASS">
          <reporter-output>
          </reporter-output>
        </test-method> <!-- afterSuite -->
      </class> <!-- com.ashwin.Supertails.SupertailsTestNG -->
    </test> <!-- Default test -->
  </suite> <!-- Default suite -->
</testng-results>
