<?xml version="1.0" encoding="UTF-8"?>
<testng-results ignored="0" total="2" passed="2" failed="0" skipped="0">
  <reporter-output>
  </reporter-output>
  <suite started-at="2024-11-08T19:25:12 IST" name="Default suite" finished-at="2024-11-08T19:25:56 IST" duration-ms="43722">
    <groups>
    </groups>
    <test started-at="2024-11-08T19:25:12 IST" name="Default test" finished-at="2024-11-08T19:25:56 IST" duration-ms="43722">
      <class name="Odyssey.OdysseyTestNg">
        <test-method is-config="true" signature="beforeSuite()[pri:0, instance:Odyssey.OdysseyTestNg@610f7aa]" started-at="2024-11-08T19:25:12 IST" name="beforeSuite" finished-at="2024-11-08T19:25:12 IST" duration-ms="13" status="PASS">
          <reporter-output>
          </reporter-output>
        </test-method> <!-- beforeSuite -->
        <test-method is-config="true" signature="beforeTest()[pri:0, instance:Odyssey.OdysseyTestNg@610f7aa]" started-at="2024-11-08T19:25:12 IST" name="beforeTest" finished-at="2024-11-08T19:25:12 IST" duration-ms="0" status="PASS">
          <reporter-output>
          </reporter-output>
        </test-method> <!-- beforeTest -->
        <test-method is-config="true" signature="beforeClass()[pri:0, instance:Odyssey.OdysseyTestNg@610f7aa]" started-at="2024-11-08T19:25:12 IST" name="beforeClass" finished-at="2024-11-08T19:25:40 IST" duration-ms="28098" status="PASS">
          <reporter-output>
          </reporter-output>
        </test-method> <!-- beforeClass -->
        <test-method is-config="true" signature="beforeMethod()[pri:0, instance:Odyssey.OdysseyTestNg@610f7aa]" started-at="2024-11-08T19:25:40 IST" name="beforeMethod" finished-at="2024-11-08T19:25:40 IST" duration-ms="1" status="PASS">
          <reporter-output>
          </reporter-output>
        </test-method> <!-- beforeMethod -->
        <test-method signature="f(java.lang.String,java.lang.String,java.lang.String,java.lang.String,java.lang.String)[pri:0, instance:Odyssey.OdysseyTestNg@610f7aa]" started-at="2024-11-08T19:25:40 IST" name="f" data-provider="dp" finished-at="2024-11-08T19:25:49 IST" duration-ms="8843" status="PASS">
          <params>
            <param index="0">
              <value>
                <![CDATA[Arun111@gmail.com]]>
              </value>
            </param>
            <param index="1">
              <value>
                <![CDATA[Ashwin@1234]]>
              </value>
            </param>
            <param index="2">
              <value>
                <![CDATA[login]]>
              </value>
            </param>
            <param index="3">
              <value>
                <![CDATA[Ashwin]]>
              </value>
            </param>
            <param index="4">
              <value>
                <![CDATA[M]]>
              </value>
            </param>
          </params>
          <reporter-output>
          </reporter-output>
        </test-method> <!-- f -->
        <test-method is-config="true" signature="afterMethod()[pri:0, instance:Odyssey.OdysseyTestNg@610f7aa]" started-at="2024-11-08T19:25:49 IST" name="afterMethod" finished-at="2024-11-08T19:25:49 IST" duration-ms="2" status="PASS">
          <reporter-output>
          </reporter-output>
        </test-method> <!-- afterMethod -->
        <test-method is-config="true" signature="beforeMethod()[pri:0, instance:Odyssey.OdysseyTestNg@610f7aa]" started-at="2024-11-08T19:25:49 IST" name="beforeMethod" finished-at="2024-11-08T19:25:49 IST" duration-ms="1" status="PASS">
          <reporter-output>
          </reporter-output>
        </test-method> <!-- beforeMethod -->
        <test-method signature="f(java.lang.String,java.lang.String,java.lang.String,java.lang.String,java.lang.String)[pri:0, instance:Odyssey.OdysseyTestNg@610f7aa]" started-at="2024-11-08T19:25:49 IST" name="f" data-provider="dp" finished-at="2024-11-08T19:25:55 IST" duration-ms="6196" status="PASS">
          <params>
            <param index="0">
              <value>
                <![CDATA[santhosh8203@gmail.com]]>
              </value>
            </param>
            <param index="1">
              <value>
                <![CDATA[12345]]>
              </value>
            </param>
            <param index="2">
              <value>
                <![CDATA[login]]>
              </value>
            </param>
            <param index="3">
              <value>
                <![CDATA[Santhosh]]>
              </value>
            </param>
            <param index="4">
              <value>
                <![CDATA[G]]>
              </value>
            </param>
          </params>
          <reporter-output>
          </reporter-output>
        </test-method> <!-- f -->
        <test-method is-config="true" signature="afterMethod()[pri:0, instance:Odyssey.OdysseyTestNg@610f7aa]" started-at="2024-11-08T19:25:55 IST" name="afterMethod" finished-at="2024-11-08T19:25:55 IST" duration-ms="0" status="PASS">
          <reporter-output>
          </reporter-output>
        </test-method> <!-- afterMethod -->
        <test-method is-config="true" signature="afterClass()[pri:0, instance:Odyssey.OdysseyTestNg@610f7aa]" started-at="2024-11-08T19:25:55 IST" name="afterClass" finished-at="2024-11-08T19:25:56 IST" duration-ms="515" status="PASS">
          <reporter-output>
          </reporter-output>
        </test-method> <!-- afterClass -->
        <test-method is-config="true" signature="afterTest()[pri:0, instance:Odyssey.OdysseyTestNg@610f7aa]" started-at="2024-11-08T19:25:56 IST" name="afterTest" finished-at="2024-11-08T19:25:56 IST" duration-ms="0" status="PASS">
          <reporter-output>
          </reporter-output>
        </test-method> <!-- afterTest -->
        <test-method is-config="true" signature="afterSuite()[pri:0, instance:Odyssey.OdysseyTestNg@610f7aa]" started-at="2024-11-08T19:25:56 IST" name="afterSuite" finished-at="2024-11-08T19:25:56 IST" duration-ms="0" status="PASS">
          <reporter-output>
          </reporter-output>
        </test-method> <!-- afterSuite -->
      </class> <!-- Odyssey.OdysseyTestNg -->
    </test> <!-- Default test -->
  </suite> <!-- Default suite -->
</testng-results>
